d:\Visual Studio 2017\Projects\EFNgApp\EFNgApp\dist\out-tsc\e2e\app.po.js
d:\Visual Studio 2017\Projects\EFNgApp\EFNgApp\dist\out-tsc\e2e\app.po.js.map
d:\Visual Studio 2017\Projects\EFNgApp\EFNgApp\dist\out-tsc\e2e\app.e2e-spec.js
d:\Visual Studio 2017\Projects\EFNgApp\EFNgApp\dist\out-tsc\e2e\app.e2e-spec.js.map
d:\Visual Studio 2017\Projects\EFNgApp\EFNgApp\dist\out-tsc\src\app\component\test.component.js
d:\Visual Studio 2017\Projects\EFNgApp\EFNgApp\dist\out-tsc\src\app\component\test.component.js.map
d:\Visual Studio 2017\Projects\EFNgApp\EFNgApp\dist\out-tsc\src\app\services\student.service.js
d:\Visual Studio 2017\Projects\EFNgApp\EFNgApp\dist\out-tsc\src\app\services\student.service.js.map
d:\Visual Studio 2017\Projects\EFNgApp\EFNgApp\dist\out-tsc\src\app\student.js
d:\Visual Studio 2017\Projects\EFNgApp\EFNgApp\dist\out-tsc\src\app\student.js.map
d:\Visual Studio 2017\Projects\EFNgApp\EFNgApp\dist\out-tsc\src\app\component\fetchemployee.component.js
d:\Visual Studio 2017\Projects\EFNgApp\EFNgApp\dist\out-tsc\src\app\component\fetchemployee.component.js.map
d:\Visual Studio 2017\Projects\EFNgApp\EFNgApp\dist\out-tsc\src\app\component\add-employee.component.js
d:\Visual Studio 2017\Projects\EFNgApp\EFNgApp\dist\out-tsc\src\app\component\add-employee.component.js.map
d:\Visual Studio 2017\Projects\EFNgApp\EFNgApp\dist\out-tsc\src\app\app-routing.module.js
d:\Visual Studio 2017\Projects\EFNgApp\EFNgApp\dist\out-tsc\src\app\app-routing.module.js.map
d:\Visual Studio 2017\Projects\EFNgApp\EFNgApp\dist\out-tsc\src\app\app.component.js
d:\Visual Studio 2017\Projects\EFNgApp\EFNgApp\dist\out-tsc\src\app\app.component.js.map
d:\Visual Studio 2017\Projects\EFNgApp\EFNgApp\dist\out-tsc\src\app\navmenu\navmenu.component.js
d:\Visual Studio 2017\Projects\EFNgApp\EFNgApp\dist\out-tsc\src\app\navmenu\navmenu.component.js.map
d:\Visual Studio 2017\Projects\EFNgApp\EFNgApp\dist\out-tsc\src\app\app.module.js
d:\Visual Studio 2017\Projects\EFNgApp\EFNgApp\dist\out-tsc\src\app\app.module.js.map
d:\Visual Studio 2017\Projects\EFNgApp\EFNgApp\dist\out-tsc\src\environments\environment.js
d:\Visual Studio 2017\Projects\EFNgApp\EFNgApp\dist\out-tsc\src\environments\environment.js.map
d:\Visual Studio 2017\Projects\EFNgApp\EFNgApp\dist\out-tsc\src\main.js
d:\Visual Studio 2017\Projects\EFNgApp\EFNgApp\dist\out-tsc\src\main.js.map
d:\Visual Studio 2017\Projects\EFNgApp\EFNgApp\dist\out-tsc\src\polyfills.js
d:\Visual Studio 2017\Projects\EFNgApp\EFNgApp\dist\out-tsc\src\polyfills.js.map
d:\Visual Studio 2017\Projects\EFNgApp\EFNgApp\dist\out-tsc\src\test.js
d:\Visual Studio 2017\Projects\EFNgApp\EFNgApp\dist\out-tsc\src\test.js.map
d:\Visual Studio 2017\Projects\EFNgApp\EFNgApp\dist\out-tsc\src\environments\environment.prod.js
d:\Visual Studio 2017\Projects\EFNgApp\EFNgApp\dist\out-tsc\src\environments\environment.prod.js.map
